<?xml version="1.0" encoding="UTF-8"?>
<!-- Generated by org.testng.reporters.JUnitReportReporter -->
<testsuite hostname="DESKTOP-AL847SF" failures="0" tests="4" name="com.api.automation.ApiTestScriptTwo" time="5.271" errors="0" timestamp="2022-07-29T16:44:45 IST" skipped="0">
  <testcase classname="com.api.automation.ApiTestScriptTwo" name="getUserDetails" time="3.469"/>
  <system-out/>
  <testcase classname="com.api.automation.ApiTestScriptTwo" name="addNewUserDetails" time="0.601"/>
  <system-out/>
  <testcase classname="com.api.automation.ApiTestScriptTwo" name="updateUserDetails" time="0.607"/>
  <system-out/>
  <testcase classname="com.api.automation.ApiTestScriptTwo" name="partialUpdateUserDetails" time="0.594"/>
  <system-out/>
</testsuite> <!-- com.api.automation.ApiTestScriptTwo -->
