<?xml version="1.0" encoding="UTF-8"?>
<!-- Generated by org.testng.reporters.JUnitReportReporter -->
<testsuite hostname="DESKTOP-AL847SF" failures="0" tests="1" name="com.swiggy.pages.OffersPage" time="11.477" errors="0" timestamp="2022-07-29T16:43:32 IST" skipped="0">
  <testcase classname="com.swiggy.pages.OffersPage" name="offetingDetails" time="11.477"/>
  <system-out/>
</testsuite> <!-- com.swiggy.pages.OffersPage -->
